2021-06-26 06:37:43.859  WARN 9668 --- [HikariPool-1 housekeeper] com.zaxxer.hikari.pool.HikariPool        : HikariPool-1 - Thread starvation or clock leap detected (housekeeper delta=7h20m27s341ms702µs800ns).
2021-06-26 06:54:25.927  INFO 9668 --- [restartedMain] c.b.e.EmployeePayrollAppApplication      : Starting EmployeePayrollAppApplication using Java 15.0.2 on DESKTOP-RLRGP4P with PID 9668 (C:\Users\ashok\EmployeePayrollApp\target\classes started by ashok in C:\Users\ashok\EmployeePayrollApp)
2021-06-26 06:54:25.929 DEBUG 9668 --- [restartedMain] c.b.e.EmployeePayrollAppApplication      : Running with Spring Boot v2.5.1, Spring v5.3.8
2021-06-26 06:54:25.930  INFO 9668 --- [restartedMain] c.b.e.EmployeePayrollAppApplication      : The following profiles are active: dev
2021-06-26 06:54:34.000  WARN 9668 --- [restartedMain] com.zaxxer.hikari.util.DriverDataSource  : Registered driver with driverClassName=com.mysql.jdbc.Driver was not found, trying direct instantiation.
2021-06-26 06:54:34.578  WARN 9668 --- [restartedMain] ConfigServletWebServerApplicationContext : Exception encountered during context initialization - cancelling refresh attempt: org.springframework.beans.factory.UnsatisfiedDependencyException: Error creating bean with name 'employeePayrollController': Unsatisfied dependency expressed through field 'employeePayrollService'; nested exception is org.springframework.beans.factory.BeanCreationException: Error creating bean with name 'employeePayrollService' defined in file [C:\Users\ashok\EmployeePayrollApp\target\classes\com\bridgelabz\employeepayrollapp\services\EmployeePayrollService.class]: Instantiation of bean failed; nested exception is org.springframework.beans.BeanInstantiationException: Failed to instantiate [com.bridgelabz.employeepayrollapp.services.EmployeePayrollService]: Constructor threw exception; nested exception is java.lang.Error: Unresolved compilation problems: 
	The import com.bridgelabz.employeepayrollapp.repository cannot be resolved
	EmployeePayrollRepository cannot be resolved to a type
	EmployeePayrollRepository cannot be resolved to a type

2021-06-26 06:54:35.659 ERROR 9668 --- [restartedMain] o.s.boot.SpringApplication               : Application run failed

org.springframework.beans.factory.UnsatisfiedDependencyException: Error creating bean with name 'employeePayrollController': Unsatisfied dependency expressed through field 'employeePayrollService'; nested exception is org.springframework.beans.factory.BeanCreationException: Error creating bean with name 'employeePayrollService' defined in file [C:\Users\ashok\EmployeePayrollApp\target\classes\com\bridgelabz\employeepayrollapp\services\EmployeePayrollService.class]: Instantiation of bean failed; nested exception is org.springframework.beans.BeanInstantiationException: Failed to instantiate [com.bridgelabz.employeepayrollapp.services.EmployeePayrollService]: Constructor threw exception; nested exception is java.lang.Error: Unresolved compilation problems: 
	The import com.bridgelabz.employeepayrollapp.repository cannot be resolved
	EmployeePayrollRepository cannot be resolved to a type
	EmployeePayrollRepository cannot be resolved to a type

	at org.springframework.beans.factory.annotation.AutowiredAnnotationBeanPostProcessor$AutowiredFieldElement.resolveFieldValue(AutowiredAnnotationBeanPostProcessor.java:660) ~[spring-beans-5.3.8.jar:5.3.8]
	at org.springframework.beans.factory.annotation.AutowiredAnnotationBeanPostProcessor$AutowiredFieldElement.inject(AutowiredAnnotationBeanPostProcessor.java:640) ~[spring-beans-5.3.8.jar:5.3.8]
	at org.springframework.beans.factory.annotation.InjectionMetadata.inject(InjectionMetadata.java:119) ~[spring-beans-5.3.8.jar:5.3.8]
	at org.springframework.beans.factory.annotation.AutowiredAnnotationBeanPostProcessor.postProcessProperties(AutowiredAnnotationBeanPostProcessor.java:399) ~[spring-beans-5.3.8.jar:5.3.8]
	at org.springframework.beans.factory.support.AbstractAutowireCapableBeanFactory.populateBean(AbstractAutowireCapableBeanFactory.java:1413) ~[spring-beans-5.3.8.jar:5.3.8]
	at org.springframework.beans.factory.support.AbstractAutowireCapableBeanFactory.doCreateBean(AbstractAutowireCapableBeanFactory.java:601) ~[spring-beans-5.3.8.jar:5.3.8]
	at org.springframework.beans.factory.support.AbstractAutowireCapableBeanFactory.createBean(AbstractAutowireCapableBeanFactory.java:524) ~[spring-beans-5.3.8.jar:5.3.8]
	at org.springframework.beans.factory.support.AbstractBeanFactory.lambda$doGetBean$0(AbstractBeanFactory.java:335) ~[spring-beans-5.3.8.jar:5.3.8]
	at org.springframework.beans.factory.support.DefaultSingletonBeanRegistry.getSingleton(DefaultSingletonBeanRegistry.java:234) ~[spring-beans-5.3.8.jar:5.3.8]
	at org.springframework.beans.factory.support.AbstractBeanFactory.doGetBean(AbstractBeanFactory.java:333) ~[spring-beans-5.3.8.jar:5.3.8]
	at org.springframework.beans.factory.support.AbstractBeanFactory.getBean(AbstractBeanFactory.java:208) ~[spring-beans-5.3.8.jar:5.3.8]
	at org.springframework.beans.factory.support.DefaultListableBeanFactory.preInstantiateSingletons(DefaultListableBeanFactory.java:944) ~[spring-beans-5.3.8.jar:5.3.8]
	at org.springframework.context.support.AbstractApplicationContext.finishBeanFactoryInitialization(AbstractApplicationContext.java:918) ~[spring-context-5.3.8.jar:5.3.8]
	at org.springframework.context.support.AbstractApplicationContext.refresh(AbstractApplicationContext.java:583) ~[spring-context-5.3.8.jar:5.3.8]
	at org.springframework.boot.web.servlet.context.ServletWebServerApplicationContext.refresh(ServletWebServerApplicationContext.java:145) ~[spring-boot-2.5.1.jar:2.5.1]
	at org.springframework.boot.SpringApplication.refresh(SpringApplication.java:754) ~[spring-boot-2.5.1.jar:2.5.1]
	at org.springframework.boot.SpringApplication.refreshContext(SpringApplication.java:434) ~[spring-boot-2.5.1.jar:2.5.1]
	at org.springframework.boot.SpringApplication.run(SpringApplication.java:338) ~[spring-boot-2.5.1.jar:2.5.1]
	at org.springframework.boot.SpringApplication.run(SpringApplication.java:1343) ~[spring-boot-2.5.1.jar:2.5.1]
	at org.springframework.boot.SpringApplication.run(SpringApplication.java:1332) ~[spring-boot-2.5.1.jar:2.5.1]
	at com.bridgelabz.employeepayrollapp.EmployeePayrollAppApplication.main(EmployeePayrollAppApplication.java:13) ~[classes/:na]
	at java.base/jdk.internal.reflect.NativeMethodAccessorImpl.invoke0(Native Method) ~[na:na]
	at java.base/jdk.internal.reflect.NativeMethodAccessorImpl.invoke(NativeMethodAccessorImpl.java:64) ~[na:na]
	at java.base/jdk.internal.reflect.DelegatingMethodAccessorImpl.invoke(DelegatingMethodAccessorImpl.java:43) ~[na:na]
	at java.base/java.lang.reflect.Method.invoke(Method.java:564) ~[na:na]
	at org.springframework.boot.devtools.restart.RestartLauncher.run(RestartLauncher.java:49) ~[spring-boot-devtools-2.5.1.jar:2.5.1]
Caused by: org.springframework.beans.factory.BeanCreationException: Error creating bean with name 'employeePayrollService' defined in file [C:\Users\ashok\EmployeePayrollApp\target\classes\com\bridgelabz\employeepayrollapp\services\EmployeePayrollService.class]: Instantiation of bean failed; nested exception is org.springframework.beans.BeanInstantiationException: Failed to instantiate [com.bridgelabz.employeepayrollapp.services.EmployeePayrollService]: Constructor threw exception; nested exception is java.lang.Error: Unresolved compilation problems: 
	The import com.bridgelabz.employeepayrollapp.repository cannot be resolved
	EmployeePayrollRepository cannot be resolved to a type
	EmployeePayrollRepository cannot be resolved to a type

	at org.springframework.beans.factory.support.AbstractAutowireCapableBeanFactory.instantiateBean(AbstractAutowireCapableBeanFactory.java:1316) ~[spring-beans-5.3.8.jar:5.3.8]
	at org.springframework.beans.factory.support.AbstractAutowireCapableBeanFactory.createBeanInstance(AbstractAutowireCapableBeanFactory.java:1214) ~[spring-beans-5.3.8.jar:5.3.8]
	at org.springframework.beans.factory.support.AbstractAutowireCapableBeanFactory.doCreateBean(AbstractAutowireCapableBeanFactory.java:564) ~[spring-beans-5.3.8.jar:5.3.8]
	at org.springframework.beans.factory.support.AbstractAutowireCapableBeanFactory.createBean(AbstractAutowireCapableBeanFactory.java:524) ~[spring-beans-5.3.8.jar:5.3.8]
	at org.springframework.beans.factory.support.AbstractBeanFactory.lambda$doGetBean$0(AbstractBeanFactory.java:335) ~[spring-beans-5.3.8.jar:5.3.8]
	at org.springframework.beans.factory.support.DefaultSingletonBeanRegistry.getSingleton(DefaultSingletonBeanRegistry.java:234) ~[spring-beans-5.3.8.jar:5.3.8]
	at org.springframework.beans.factory.support.AbstractBeanFactory.doGetBean(AbstractBeanFactory.java:333) ~[spring-beans-5.3.8.jar:5.3.8]
	at org.springframework.beans.factory.support.AbstractBeanFactory.getBean(AbstractBeanFactory.java:208) ~[spring-beans-5.3.8.jar:5.3.8]
	at org.springframework.beans.factory.config.DependencyDescriptor.resolveCandidate(DependencyDescriptor.java:276) ~[spring-beans-5.3.8.jar:5.3.8]
	at org.springframework.beans.factory.support.DefaultListableBeanFactory.doResolveDependency(DefaultListableBeanFactory.java:1380) ~[spring-beans-5.3.8.jar:5.3.8]
	at org.springframework.beans.factory.support.DefaultListableBeanFactory.resolveDependency(DefaultListableBeanFactory.java:1300) ~[spring-beans-5.3.8.jar:5.3.8]
	at org.springframework.beans.factory.annotation.AutowiredAnnotationBeanPostProcessor$AutowiredFieldElement.resolveFieldValue(AutowiredAnnotationBeanPostProcessor.java:657) ~[spring-beans-5.3.8.jar:5.3.8]
	... 25 common frames omitted
Caused by: org.springframework.beans.BeanInstantiationException: Failed to instantiate [com.bridgelabz.employeepayrollapp.services.EmployeePayrollService]: Constructor threw exception; nested exception is java.lang.Error: Unresolved compilation problems: 
	The import com.bridgelabz.employeepayrollapp.repository cannot be resolved
	EmployeePayrollRepository cannot be resolved to a type
	EmployeePayrollRepository cannot be resolved to a type

	at org.springframework.beans.BeanUtils.instantiateClass(BeanUtils.java:225) ~[spring-beans-5.3.8.jar:5.3.8]
	at org.springframework.beans.factory.support.SimpleInstantiationStrategy.instantiate(SimpleInstantiationStrategy.java:87) ~[spring-beans-5.3.8.jar:5.3.8]
	at org.springframework.beans.factory.support.AbstractAutowireCapableBeanFactory.instantiateBean(AbstractAutowireCapableBeanFactory.java:1308) ~[spring-beans-5.3.8.jar:5.3.8]
	... 36 common frames omitted
Caused by: java.lang.Error: Unresolved compilation problems: 
	The import com.bridgelabz.employeepayrollapp.repository cannot be resolved
	EmployeePayrollRepository cannot be resolved to a type
	EmployeePayrollRepository cannot be resolved to a type

	at com.bridgelabz.employeepayrollapp.services.EmployeePayrollService.<init>(EmployeePayrollService.java:12) ~[classes/:na]
	at java.base/jdk.internal.reflect.NativeConstructorAccessorImpl.newInstance0(Native Method) ~[na:na]
	at java.base/jdk.internal.reflect.NativeConstructorAccessorImpl.newInstance(NativeConstructorAccessorImpl.java:64) ~[na:na]
	at java.base/jdk.internal.reflect.DelegatingConstructorAccessorImpl.newInstance(DelegatingConstructorAccessorImpl.java:45) ~[na:na]
	at java.base/java.lang.reflect.Constructor.newInstanceWithCaller(Constructor.java:500) ~[na:na]
	at java.base/java.lang.reflect.Constructor.newInstance(Constructor.java:481) ~[na:na]
	at org.springframework.beans.BeanUtils.instantiateClass(BeanUtils.java:212) ~[spring-beans-5.3.8.jar:5.3.8]
	... 38 common frames omitted

2021-06-26 06:54:37.197  INFO 9668 --- [restartedMain] c.b.e.EmployeePayrollAppApplication      : Starting EmployeePayrollAppApplication using Java 15.0.2 on DESKTOP-RLRGP4P with PID 9668 (C:\Users\ashok\EmployeePayrollApp\target\classes started by ashok in C:\Users\ashok\EmployeePayrollApp)
2021-06-26 06:54:37.197 DEBUG 9668 --- [restartedMain] c.b.e.EmployeePayrollAppApplication      : Running with Spring Boot v2.5.1, Spring v5.3.8
2021-06-26 06:54:37.197  INFO 9668 --- [restartedMain] c.b.e.EmployeePayrollAppApplication      : The following profiles are active: dev
2021-06-26 06:54:38.436  WARN 9668 --- [restartedMain] com.zaxxer.hikari.util.DriverDataSource  : Registered driver with driverClassName=com.mysql.jdbc.Driver was not found, trying direct instantiation.
2021-06-26 06:54:38.537  WARN 9668 --- [restartedMain] ConfigServletWebServerApplicationContext : Exception encountered during context initialization - cancelling refresh attempt: org.springframework.beans.factory.UnsatisfiedDependencyException: Error creating bean with name 'employeePayrollController': Unsatisfied dependency expressed through field 'employeePayrollService'; nested exception is org.springframework.beans.factory.BeanCreationException: Error creating bean with name 'employeePayrollService' defined in file [C:\Users\ashok\EmployeePayrollApp\target\classes\com\bridgelabz\employeepayrollapp\services\EmployeePayrollService.class]: Instantiation of bean failed; nested exception is org.springframework.beans.BeanInstantiationException: Failed to instantiate [com.bridgelabz.employeepayrollapp.services.EmployeePayrollService]: Constructor threw exception; nested exception is java.lang.Error: Unresolved compilation problems: 
	The import com.bridgelabz.employeepayrollapp.repository cannot be resolved
	EmployeePayrollRepository cannot be resolved to a type
	EmployeePayrollRepository cannot be resolved to a type

2021-06-26 06:54:38.560 ERROR 9668 --- [restartedMain] o.s.boot.SpringApplication               : Application run failed

org.springframework.beans.factory.UnsatisfiedDependencyException: Error creating bean with name 'employeePayrollController': Unsatisfied dependency expressed through field 'employeePayrollService'; nested exception is org.springframework.beans.factory.BeanCreationException: Error creating bean with name 'employeePayrollService' defined in file [C:\Users\ashok\EmployeePayrollApp\target\classes\com\bridgelabz\employeepayrollapp\services\EmployeePayrollService.class]: Instantiation of bean failed; nested exception is org.springframework.beans.BeanInstantiationException: Failed to instantiate [com.bridgelabz.employeepayrollapp.services.EmployeePayrollService]: Constructor threw exception; nested exception is java.lang.Error: Unresolved compilation problems: 
	The import com.bridgelabz.employeepayrollapp.repository cannot be resolved
	EmployeePayrollRepository cannot be resolved to a type
	EmployeePayrollRepository cannot be resolved to a type

	at org.springframework.beans.factory.annotation.AutowiredAnnotationBeanPostProcessor$AutowiredFieldElement.resolveFieldValue(AutowiredAnnotationBeanPostProcessor.java:660) ~[spring-beans-5.3.8.jar:5.3.8]
	at org.springframework.beans.factory.annotation.AutowiredAnnotationBeanPostProcessor$AutowiredFieldElement.inject(AutowiredAnnotationBeanPostProcessor.java:640) ~[spring-beans-5.3.8.jar:5.3.8]
	at org.springframework.beans.factory.annotation.InjectionMetadata.inject(InjectionMetadata.java:119) ~[spring-beans-5.3.8.jar:5.3.8]
	at org.springframework.beans.factory.annotation.AutowiredAnnotationBeanPostProcessor.postProcessProperties(AutowiredAnnotationBeanPostProcessor.java:399) ~[spring-beans-5.3.8.jar:5.3.8]
	at org.springframework.beans.factory.support.AbstractAutowireCapableBeanFactory.populateBean(AbstractAutowireCapableBeanFactory.java:1413) ~[spring-beans-5.3.8.jar:5.3.8]
	at org.springframework.beans.factory.support.AbstractAutowireCapableBeanFactory.doCreateBean(AbstractAutowireCapableBeanFactory.java:601) ~[spring-beans-5.3.8.jar:5.3.8]
	at org.springframework.beans.factory.support.AbstractAutowireCapableBeanFactory.createBean(AbstractAutowireCapableBeanFactory.java:524) ~[spring-beans-5.3.8.jar:5.3.8]
	at org.springframework.beans.factory.support.AbstractBeanFactory.lambda$doGetBean$0(AbstractBeanFactory.java:335) ~[spring-beans-5.3.8.jar:5.3.8]
	at org.springframework.beans.factory.support.DefaultSingletonBeanRegistry.getSingleton(DefaultSingletonBeanRegistry.java:234) ~[spring-beans-5.3.8.jar:5.3.8]
	at org.springframework.beans.factory.support.AbstractBeanFactory.doGetBean(AbstractBeanFactory.java:333) ~[spring-beans-5.3.8.jar:5.3.8]
	at org.springframework.beans.factory.support.AbstractBeanFactory.getBean(AbstractBeanFactory.java:208) ~[spring-beans-5.3.8.jar:5.3.8]
	at org.springframework.beans.factory.support.DefaultListableBeanFactory.preInstantiateSingletons(DefaultListableBeanFactory.java:944) ~[spring-beans-5.3.8.jar:5.3.8]
	at org.springframework.context.support.AbstractApplicationContext.finishBeanFactoryInitialization(AbstractApplicationContext.java:918) ~[spring-context-5.3.8.jar:5.3.8]
	at org.springframework.context.support.AbstractApplicationContext.refresh(AbstractApplicationContext.java:583) ~[spring-context-5.3.8.jar:5.3.8]
	at org.springframework.boot.web.servlet.context.ServletWebServerApplicationContext.refresh(ServletWebServerApplicationContext.java:145) ~[spring-boot-2.5.1.jar:2.5.1]
	at org.springframework.boot.SpringApplication.refresh(SpringApplication.java:754) ~[spring-boot-2.5.1.jar:2.5.1]
	at org.springframework.boot.SpringApplication.refreshContext(SpringApplication.java:434) ~[spring-boot-2.5.1.jar:2.5.1]
	at org.springframework.boot.SpringApplication.run(SpringApplication.java:338) ~[spring-boot-2.5.1.jar:2.5.1]
	at org.springframework.boot.SpringApplication.run(SpringApplication.java:1343) ~[spring-boot-2.5.1.jar:2.5.1]
	at org.springframework.boot.SpringApplication.run(SpringApplication.java:1332) ~[spring-boot-2.5.1.jar:2.5.1]
	at com.bridgelabz.employeepayrollapp.EmployeePayrollAppApplication.main(EmployeePayrollAppApplication.java:13) ~[classes/:na]
	at java.base/jdk.internal.reflect.NativeMethodAccessorImpl.invoke0(Native Method) ~[na:na]
	at java.base/jdk.internal.reflect.NativeMethodAccessorImpl.invoke(NativeMethodAccessorImpl.java:64) ~[na:na]
	at java.base/jdk.internal.reflect.DelegatingMethodAccessorImpl.invoke(DelegatingMethodAccessorImpl.java:43) ~[na:na]
	at java.base/java.lang.reflect.Method.invoke(Method.java:564) ~[na:na]
	at org.springframework.boot.devtools.restart.RestartLauncher.run(RestartLauncher.java:49) ~[spring-boot-devtools-2.5.1.jar:2.5.1]
Caused by: org.springframework.beans.factory.BeanCreationException: Error creating bean with name 'employeePayrollService' defined in file [C:\Users\ashok\EmployeePayrollApp\target\classes\com\bridgelabz\employeepayrollapp\services\EmployeePayrollService.class]: Instantiation of bean failed; nested exception is org.springframework.beans.BeanInstantiationException: Failed to instantiate [com.bridgelabz.employeepayrollapp.services.EmployeePayrollService]: Constructor threw exception; nested exception is java.lang.Error: Unresolved compilation problems: 
	The import com.bridgelabz.employeepayrollapp.repository cannot be resolved
	EmployeePayrollRepository cannot be resolved to a type
	EmployeePayrollRepository cannot be resolved to a type

	at org.springframework.beans.factory.support.AbstractAutowireCapableBeanFactory.instantiateBean(AbstractAutowireCapableBeanFactory.java:1316) ~[spring-beans-5.3.8.jar:5.3.8]
	at org.springframework.beans.factory.support.AbstractAutowireCapableBeanFactory.createBeanInstance(AbstractAutowireCapableBeanFactory.java:1214) ~[spring-beans-5.3.8.jar:5.3.8]
	at org.springframework.beans.factory.support.AbstractAutowireCapableBeanFactory.doCreateBean(AbstractAutowireCapableBeanFactory.java:564) ~[spring-beans-5.3.8.jar:5.3.8]
	at org.springframework.beans.factory.support.AbstractAutowireCapableBeanFactory.createBean(AbstractAutowireCapableBeanFactory.java:524) ~[spring-beans-5.3.8.jar:5.3.8]
	at org.springframework.beans.factory.support.AbstractBeanFactory.lambda$doGetBean$0(AbstractBeanFactory.java:335) ~[spring-beans-5.3.8.jar:5.3.8]
	at org.springframework.beans.factory.support.DefaultSingletonBeanRegistry.getSingleton(DefaultSingletonBeanRegistry.java:234) ~[spring-beans-5.3.8.jar:5.3.8]
	at org.springframework.beans.factory.support.AbstractBeanFactory.doGetBean(AbstractBeanFactory.java:333) ~[spring-beans-5.3.8.jar:5.3.8]
	at org.springframework.beans.factory.support.AbstractBeanFactory.getBean(AbstractBeanFactory.java:208) ~[spring-beans-5.3.8.jar:5.3.8]
	at org.springframework.beans.factory.config.DependencyDescriptor.resolveCandidate(DependencyDescriptor.java:276) ~[spring-beans-5.3.8.jar:5.3.8]
	at org.springframework.beans.factory.support.DefaultListableBeanFactory.doResolveDependency(DefaultListableBeanFactory.java:1380) ~[spring-beans-5.3.8.jar:5.3.8]
	at org.springframework.beans.factory.support.DefaultListableBeanFactory.resolveDependency(DefaultListableBeanFactory.java:1300) ~[spring-beans-5.3.8.jar:5.3.8]
	at org.springframework.beans.factory.annotation.AutowiredAnnotationBeanPostProcessor$AutowiredFieldElement.resolveFieldValue(AutowiredAnnotationBeanPostProcessor.java:657) ~[spring-beans-5.3.8.jar:5.3.8]
	... 25 common frames omitted
Caused by: org.springframework.beans.BeanInstantiationException: Failed to instantiate [com.bridgelabz.employeepayrollapp.services.EmployeePayrollService]: Constructor threw exception; nested exception is java.lang.Error: Unresolved compilation problems: 
	The import com.bridgelabz.employeepayrollapp.repository cannot be resolved
	EmployeePayrollRepository cannot be resolved to a type
	EmployeePayrollRepository cannot be resolved to a type

	at org.springframework.beans.BeanUtils.instantiateClass(BeanUtils.java:225) ~[spring-beans-5.3.8.jar:5.3.8]
	at org.springframework.beans.factory.support.SimpleInstantiationStrategy.instantiate(SimpleInstantiationStrategy.java:87) ~[spring-beans-5.3.8.jar:5.3.8]
	at org.springframework.beans.factory.support.AbstractAutowireCapableBeanFactory.instantiateBean(AbstractAutowireCapableBeanFactory.java:1308) ~[spring-beans-5.3.8.jar:5.3.8]
	... 36 common frames omitted
Caused by: java.lang.Error: Unresolved compilation problems: 
	The import com.bridgelabz.employeepayrollapp.repository cannot be resolved
	EmployeePayrollRepository cannot be resolved to a type
	EmployeePayrollRepository cannot be resolved to a type

	at com.bridgelabz.employeepayrollapp.services.EmployeePayrollService.<init>(EmployeePayrollService.java:12) ~[classes/:na]
	at java.base/jdk.internal.reflect.NativeConstructorAccessorImpl.newInstance0(Native Method) ~[na:na]
	at java.base/jdk.internal.reflect.NativeConstructorAccessorImpl.newInstance(NativeConstructorAccessorImpl.java:64) ~[na:na]
	at java.base/jdk.internal.reflect.DelegatingConstructorAccessorImpl.newInstance(DelegatingConstructorAccessorImpl.java:45) ~[na:na]
	at java.base/java.lang.reflect.Constructor.newInstanceWithCaller(Constructor.java:500) ~[na:na]
	at java.base/java.lang.reflect.Constructor.newInstance(Constructor.java:481) ~[na:na]
	at org.springframework.beans.BeanUtils.instantiateClass(BeanUtils.java:212) ~[spring-beans-5.3.8.jar:5.3.8]
	... 38 common frames omitted

2021-06-26 06:55:46.489  INFO 9668 --- [restartedMain] c.b.e.EmployeePayrollAppApplication      : Starting EmployeePayrollAppApplication using Java 15.0.2 on DESKTOP-RLRGP4P with PID 9668 (C:\Users\ashok\EmployeePayrollApp\target\classes started by ashok in C:\Users\ashok\EmployeePayrollApp)
2021-06-26 06:55:46.489 DEBUG 9668 --- [restartedMain] c.b.e.EmployeePayrollAppApplication      : Running with Spring Boot v2.5.1, Spring v5.3.8
2021-06-26 06:55:46.489  INFO 9668 --- [restartedMain] c.b.e.EmployeePayrollAppApplication      : The following profiles are active: dev
2021-06-26 06:55:47.451  WARN 9668 --- [restartedMain] com.zaxxer.hikari.util.DriverDataSource  : Registered driver with driverClassName=com.mysql.jdbc.Driver was not found, trying direct instantiation.
2021-06-26 06:55:47.652  WARN 9668 --- [restartedMain] JpaBaseConfiguration$JpaWebConfiguration : spring.jpa.open-in-view is enabled by default. Therefore, database queries may be performed during view rendering. Explicitly configure spring.jpa.open-in-view to disable this warning
2021-06-26 06:55:48.270  INFO 9668 --- [restartedMain] c.b.e.EmployeePayrollAppApplication      : Started EmployeePayrollAppApplication in 1.829 seconds (JVM running for 38502.285)
2021-06-26 06:55:48.275  INFO 9668 --- [restartedMain] c.b.e.EmployeePayrollAppApplication      : Employee payroll started in COMMON Environment
2021-06-26 06:55:48.275  INFO 9668 --- [restartedMain] c.b.e.EmployeePayrollAppApplication      : Employee payroll DB user is root 
2021-06-26 06:56:06.299  INFO 9668 --- [restartedMain] c.b.e.EmployeePayrollAppApplication      : Starting EmployeePayrollAppApplication using Java 15.0.2 on DESKTOP-RLRGP4P with PID 9668 (C:\Users\ashok\EmployeePayrollApp\target\classes started by ashok in C:\Users\ashok\EmployeePayrollApp)
2021-06-26 06:56:06.300 DEBUG 9668 --- [restartedMain] c.b.e.EmployeePayrollAppApplication      : Running with Spring Boot v2.5.1, Spring v5.3.8
2021-06-26 06:56:06.300  INFO 9668 --- [restartedMain] c.b.e.EmployeePayrollAppApplication      : The following profiles are active: dev
2021-06-26 06:56:06.945  WARN 9668 --- [restartedMain] com.zaxxer.hikari.util.DriverDataSource  : Registered driver with driverClassName=com.mysql.jdbc.Driver was not found, trying direct instantiation.
2021-06-26 06:56:07.157  WARN 9668 --- [restartedMain] JpaBaseConfiguration$JpaWebConfiguration : spring.jpa.open-in-view is enabled by default. Therefore, database queries may be performed during view rendering. Explicitly configure spring.jpa.open-in-view to disable this warning
2021-06-26 06:56:07.415  INFO 9668 --- [restartedMain] c.b.e.EmployeePayrollAppApplication      : Started EmployeePayrollAppApplication in 1.157 seconds (JVM running for 38521.43)
2021-06-26 06:56:07.418  INFO 9668 --- [restartedMain] c.b.e.EmployeePayrollAppApplication      : Employee payroll started in COMMON Environment
2021-06-26 06:56:07.418  INFO 9668 --- [restartedMain] c.b.e.EmployeePayrollAppApplication      : Employee payroll DB user is root 
2021-06-26 06:56:17.211  INFO 9668 --- [restartedMain] c.b.e.EmployeePayrollAppApplication      : Starting EmployeePayrollAppApplication using Java 15.0.2 on DESKTOP-RLRGP4P with PID 9668 (C:\Users\ashok\EmployeePayrollApp\target\classes started by ashok in C:\Users\ashok\EmployeePayrollApp)
2021-06-26 06:56:17.212 DEBUG 9668 --- [restartedMain] c.b.e.EmployeePayrollAppApplication      : Running with Spring Boot v2.5.1, Spring v5.3.8
2021-06-26 06:56:17.212  INFO 9668 --- [restartedMain] c.b.e.EmployeePayrollAppApplication      : The following profiles are active: dev
2021-06-26 06:56:17.844  WARN 9668 --- [restartedMain] com.zaxxer.hikari.util.DriverDataSource  : Registered driver with driverClassName=com.mysql.jdbc.Driver was not found, trying direct instantiation.
2021-06-26 06:56:17.988  WARN 9668 --- [restartedMain] JpaBaseConfiguration$JpaWebConfiguration : spring.jpa.open-in-view is enabled by default. Therefore, database queries may be performed during view rendering. Explicitly configure spring.jpa.open-in-view to disable this warning
2021-06-26 06:56:18.132  INFO 9668 --- [restartedMain] c.b.e.EmployeePayrollAppApplication      : Started EmployeePayrollAppApplication in 0.974 seconds (JVM running for 38532.147)
2021-06-26 06:56:18.136  INFO 9668 --- [restartedMain] c.b.e.EmployeePayrollAppApplication      : Employee payroll started in COMMON Environment
2021-06-26 06:56:18.136  INFO 9668 --- [restartedMain] c.b.e.EmployeePayrollAppApplication      : Employee payroll DB user is root 
2021-06-26 06:56:29.939  INFO 9668 --- [restartedMain] c.b.e.EmployeePayrollAppApplication      : Starting EmployeePayrollAppApplication using Java 15.0.2 on DESKTOP-RLRGP4P with PID 9668 (C:\Users\ashok\EmployeePayrollApp\target\classes started by ashok in C:\Users\ashok\EmployeePayrollApp)
2021-06-26 06:56:29.939 DEBUG 9668 --- [restartedMain] c.b.e.EmployeePayrollAppApplication      : Running with Spring Boot v2.5.1, Spring v5.3.8
2021-06-26 06:56:29.939  INFO 9668 --- [restartedMain] c.b.e.EmployeePayrollAppApplication      : The following profiles are active: dev
2021-06-26 06:56:30.523  WARN 9668 --- [restartedMain] com.zaxxer.hikari.util.DriverDataSource  : Registered driver with driverClassName=com.mysql.jdbc.Driver was not found, trying direct instantiation.
2021-06-26 06:56:30.647  WARN 9668 --- [restartedMain] JpaBaseConfiguration$JpaWebConfiguration : spring.jpa.open-in-view is enabled by default. Therefore, database queries may be performed during view rendering. Explicitly configure spring.jpa.open-in-view to disable this warning
2021-06-26 06:56:30.800  INFO 9668 --- [restartedMain] c.b.e.EmployeePayrollAppApplication      : Started EmployeePayrollAppApplication in 0.898 seconds (JVM running for 38544.814)
2021-06-26 06:56:30.803  INFO 9668 --- [restartedMain] c.b.e.EmployeePayrollAppApplication      : Employee payroll started in COMMON Environment
2021-06-26 06:56:30.803  INFO 9668 --- [restartedMain] c.b.e.EmployeePayrollAppApplication      : Employee payroll DB user is root 
2021-06-26 07:06:25.528  INFO 9668 --- [restartedMain] c.b.e.EmployeePayrollAppApplication      : Starting EmployeePayrollAppApplication using Java 15.0.2 on DESKTOP-RLRGP4P with PID 9668 (C:\Users\ashok\EmployeePayrollApp\target\classes started by ashok in C:\Users\ashok\EmployeePayrollApp)
2021-06-26 07:06:25.555 DEBUG 9668 --- [restartedMain] c.b.e.EmployeePayrollAppApplication      : Running with Spring Boot v2.5.1, Spring v5.3.8
2021-06-26 07:06:25.555  INFO 9668 --- [restartedMain] c.b.e.EmployeePayrollAppApplication      : The following profiles are active: dev
2021-06-26 07:06:27.231  WARN 9668 --- [restartedMain] com.zaxxer.hikari.util.DriverDataSource  : Registered driver with driverClassName=com.mysql.jdbc.Driver was not found, trying direct instantiation.
2021-06-26 07:06:29.098  WARN 9668 --- [restartedMain] JpaBaseConfiguration$JpaWebConfiguration : spring.jpa.open-in-view is enabled by default. Therefore, database queries may be performed during view rendering. Explicitly configure spring.jpa.open-in-view to disable this warning
2021-06-26 07:06:29.288  INFO 9668 --- [restartedMain] c.b.e.EmployeePayrollAppApplication      : Started EmployeePayrollAppApplication in 4.242 seconds (JVM running for 39143.303)
2021-06-26 07:06:29.292  INFO 9668 --- [restartedMain] c.b.e.EmployeePayrollAppApplication      : Employee payroll started in COMMON Environment
2021-06-26 07:06:29.293  INFO 9668 --- [restartedMain] c.b.e.EmployeePayrollAppApplication      : Employee payroll DB user is root 
